{"/home/diegorramos/code/futureproof/lap3/Brainiac-Brigade/api/app.js": {"path":"/home/diegorramos/code/futureproof/lap3/Brainiac-Brigade/api/app.js","statementMap":{"0":{"start":{"line":1,"column":16},"end":{"line":1,"column":34}},"1":{"start":{"line":2,"column":13},"end":{"line":2,"column":28}},"2":{"start":{"line":3,"column":15},"end":{"line":3,"column":32}},"3":{"start":{"line":4,"column":17},"end":{"line":4,"column":36}},"4":{"start":{"line":5,"column":0},"end":{"line":5,"column":26}},"5":{"start":{"line":7,"column":21},"end":{"line":7,"column":47}},"6":{"start":{"line":9,"column":12},"end":{"line":9,"column":21}},"7":{"start":{"line":11,"column":0},"end":{"line":11,"column":15}},"8":{"start":{"line":12,"column":0},"end":{"line":12,"column":23}},"9":{"start":{"line":13,"column":0},"end":{"line":13,"column":22}},"10":{"start":{"line":16,"column":18},"end":{"line":25,"column":1}},"11":{"start":{"line":17,"column":2},"end":{"line":23,"column":3}},"12":{"start":{"line":18,"column":4},"end":{"line":18,"column":51}},"13":{"start":{"line":19,"column":4},"end":{"line":19,"column":39}},"14":{"start":{"line":22,"column":4},"end":{"line":22,"column":61}},"15":{"start":{"line":27,"column":0},"end":{"line":27,"column":11}},"16":{"start":{"line":29,"column":0},"end":{"line":34,"column":2}},"17":{"start":{"line":30,"column":2},"end":{"line":33,"column":4}},"18":{"start":{"line":36,"column":0},"end":{"line":36,"column":32}},"19":{"start":{"line":40,"column":0},"end":{"line":40,"column":20}}},"fnMap":{"0":{"name":"(anonymous_0)","decl":{"start":{"line":16,"column":18},"end":{"line":16,"column":19}},"loc":{"start":{"line":16,"column":30},"end":{"line":25,"column":1}},"line":16},"1":{"name":"(anonymous_1)","decl":{"start":{"line":29,"column":13},"end":{"line":29,"column":14}},"loc":{"start":{"line":29,"column":27},"end":{"line":34,"column":1}},"line":29}},"branchMap":{},"s":{"0":1,"1":1,"2":1,"3":1,"4":1,"5":1,"6":1,"7":1,"8":1,"9":1,"10":1,"11":1,"12":1,"13":1,"14":0,"15":1,"16":1,"17":1,"18":1,"19":1},"f":{"0":1,"1":1},"b":{},"_coverageSchema":"1a1c01bbd47fc00a2c39e90264f33305004495a9","hash":"620d1147753162726774b96d4a0c3d29a3dc8d3d"}
,"/home/diegorramos/code/futureproof/lap3/Brainiac-Brigade/api/controllers/events.js": {"path":"/home/diegorramos/code/futureproof/lap3/Brainiac-Brigade/api/controllers/events.js","statementMap":{"0":{"start":{"line":1,"column":14},"end":{"line":1,"column":40}},"1":{"start":{"line":3,"column":14},"end":{"line":6,"column":1}},"2":{"start":{"line":4,"column":17},"end":{"line":4,"column":37}},"3":{"start":{"line":5,"column":2},"end":{"line":5,"column":18}},"4":{"start":{"line":9,"column":0},"end":{"line":11,"column":1}}},"fnMap":{"0":{"name":"(anonymous_0)","decl":{"start":{"line":3,"column":14},"end":{"line":3,"column":15}},"loc":{"start":{"line":3,"column":33},"end":{"line":6,"column":1}},"line":3}},"branchMap":{},"s":{"0":1,"1":1,"2":1,"3":1,"4":1},"f":{"0":1},"b":{},"_coverageSchema":"1a1c01bbd47fc00a2c39e90264f33305004495a9","hash":"a42942c6114dec55d08dc4f267047135de6e62aa"}
,"/home/diegorramos/code/futureproof/lap3/Brainiac-Brigade/api/models/Event.js": {"path":"/home/diegorramos/code/futureproof/lap3/Brainiac-Brigade/api/models/Event.js","statementMap":{"0":{"start":{"line":1,"column":17},"end":{"line":1,"column":36}},"1":{"start":{"line":3,"column":20},"end":{"line":18,"column":2}},"2":{"start":{"line":20,"column":14},"end":{"line":20,"column":50}},"3":{"start":{"line":22,"column":0},"end":{"line":22,"column":22}}},"fnMap":{},"branchMap":{},"s":{"0":1,"1":1,"2":1,"3":1},"f":{},"b":{},"_coverageSchema":"1a1c01bbd47fc00a2c39e90264f33305004495a9","hash":"0a2081dce97dbeb52c7a6935d0736950adf3c5a3"}
,"/home/diegorramos/code/futureproof/lap3/Brainiac-Brigade/api/routes/events.js": {"path":"/home/diegorramos/code/futureproof/lap3/Brainiac-Brigade/api/routes/events.js","statementMap":{"0":{"start":{"line":1,"column":16},"end":{"line":1,"column":34}},"1":{"start":{"line":2,"column":25},"end":{"line":2,"column":57}},"2":{"start":{"line":3,"column":0},"end":{"line":3,"column":25}},"3":{"start":{"line":6,"column":0},"end":{"line":6,"column":39}},"4":{"start":{"line":8,"column":0},"end":{"line":8,"column":23}}},"fnMap":{},"branchMap":{},"s":{"0":1,"1":1,"2":1,"3":1,"4":1},"f":{},"b":{},"_coverageSchema":"1a1c01bbd47fc00a2c39e90264f33305004495a9","hash":"f1de1a1764327ae73d74c2898c12562013260645"}
}
