{"/home/diegorramos/code/futureproof/lap3/Brainiac-Brigade/api/app.js": {"path":"/home/diegorramos/code/futureproof/lap3/Brainiac-Brigade/api/app.js","statementMap":{"0":{"start":{"line":1,"column":16},"end":{"line":1,"column":34}},"1":{"start":{"line":2,"column":13},"end":{"line":2,"column":28}},"2":{"start":{"line":3,"column":15},"end":{"line":3,"column":32}},"3":{"start":{"line":4,"column":17},"end":{"line":4,"column":36}},"4":{"start":{"line":5,"column":0},"end":{"line":5,"column":26}},"5":{"start":{"line":7,"column":21},"end":{"line":7,"column":47}},"6":{"start":{"line":8,"column":20},"end":{"line":8,"column":45}},"7":{"start":{"line":10,"column":12},"end":{"line":10,"column":21}},"8":{"start":{"line":12,"column":0},"end":{"line":12,"column":15}},"9":{"start":{"line":13,"column":0},"end":{"line":13,"column":23}},"10":{"start":{"line":14,"column":0},"end":{"line":14,"column":22}},"11":{"start":{"line":17,"column":18},"end":{"line":26,"column":1}},"12":{"start":{"line":18,"column":2},"end":{"line":24,"column":3}},"13":{"start":{"line":19,"column":4},"end":{"line":19,"column":51}},"14":{"start":{"line":20,"column":4},"end":{"line":20,"column":39}},"15":{"start":{"line":23,"column":4},"end":{"line":23,"column":61}},"16":{"start":{"line":28,"column":0},"end":{"line":28,"column":11}},"17":{"start":{"line":30,"column":0},"end":{"line":35,"column":2}},"18":{"start":{"line":31,"column":2},"end":{"line":34,"column":4}},"19":{"start":{"line":37,"column":0},"end":{"line":37,"column":32}},"20":{"start":{"line":38,"column":0},"end":{"line":38,"column":30}},"21":{"start":{"line":42,"column":0},"end":{"line":42,"column":20}}},"fnMap":{"0":{"name":"(anonymous_0)","decl":{"start":{"line":17,"column":18},"end":{"line":17,"column":19}},"loc":{"start":{"line":17,"column":30},"end":{"line":26,"column":1}},"line":17},"1":{"name":"(anonymous_1)","decl":{"start":{"line":30,"column":13},"end":{"line":30,"column":14}},"loc":{"start":{"line":30,"column":27},"end":{"line":35,"column":1}},"line":30}},"branchMap":{},"s":{"0":1,"1":1,"2":1,"3":1,"4":1,"5":1,"6":1,"7":1,"8":1,"9":1,"10":1,"11":1,"12":1,"13":1,"14":1,"15":0,"16":1,"17":1,"18":0,"19":1,"20":1,"21":1},"f":{"0":1,"1":0},"b":{},"_coverageSchema":"1a1c01bbd47fc00a2c39e90264f33305004495a9","hash":"bc1f744fbe7c1437dfe51e6606a2d207bccddf85"}
,"/home/diegorramos/code/futureproof/lap3/Brainiac-Brigade/api/controllers/events.js": {"path":"/home/diegorramos/code/futureproof/lap3/Brainiac-Brigade/api/controllers/events.js","statementMap":{"0":{"start":{"line":1,"column":11},"end":{"line":1,"column":34}},"1":{"start":{"line":2,"column":14},"end":{"line":2,"column":40}},"2":{"start":{"line":3,"column":13},"end":{"line":3,"column":38}},"3":{"start":{"line":5,"column":14},"end":{"line":28,"column":1}},"4":{"start":{"line":6,"column":14},"end":{"line":6,"column":16}},"5":{"start":{"line":9,"column":24},"end":{"line":9,"column":48}},"6":{"start":{"line":10,"column":2},"end":{"line":12,"column":3}},"7":{"start":{"line":11,"column":4},"end":{"line":11,"column":38}},"8":{"start":{"line":15,"column":23},"end":{"line":15,"column":60}},"9":{"start":{"line":16,"column":2},"end":{"line":18,"column":3}},"10":{"start":{"line":17,"column":4},"end":{"line":17,"column":69}},"11":{"start":{"line":20,"column":15},"end":{"line":20,"column":70}},"12":{"start":{"line":21,"column":21},"end":{"line":21,"column":32}},"13":{"start":{"line":23,"column":2},"end":{"line":27,"column":3}},"14":{"start":{"line":24,"column":4},"end":{"line":24,"column":24}},"15":{"start":{"line":26,"column":4},"end":{"line":26,"column":25}},"16":{"start":{"line":30,"column":13},"end":{"line":37,"column":1}},"17":{"start":{"line":31,"column":16},"end":{"line":31,"column":51}},"18":{"start":{"line":32,"column":2},"end":{"line":36,"column":3}},"19":{"start":{"line":33,"column":4},"end":{"line":33,"column":19}},"20":{"start":{"line":35,"column":4},"end":{"line":35,"column":25}},"21":{"start":{"line":58,"column":15},"end":{"line":94,"column":1}},"22":{"start":{"line":59,"column":15},"end":{"line":59,"column":23}},"23":{"start":{"line":60,"column":14},"end":{"line":60,"column":16}},"24":{"start":{"line":63,"column":24},"end":{"line":63,"column":48}},"25":{"start":{"line":64,"column":2},"end":{"line":66,"column":3}},"26":{"start":{"line":65,"column":4},"end":{"line":65,"column":38}},"27":{"start":{"line":69,"column":23},"end":{"line":69,"column":60}},"28":{"start":{"line":70,"column":2},"end":{"line":72,"column":3}},"29":{"start":{"line":71,"column":4},"end":{"line":71,"column":69}},"30":{"start":{"line":74,"column":15},"end":{"line":74,"column":51}},"31":{"start":{"line":77,"column":16},"end":{"line":83,"column":4}},"32":{"start":{"line":85,"column":2},"end":{"line":93,"column":3}},"33":{"start":{"line":86,"column":4},"end":{"line":86,"column":25}},"34":{"start":{"line":88,"column":23},"end":{"line":88,"column":41}},"35":{"start":{"line":89,"column":4},"end":{"line":89,"column":52}},"36":{"start":{"line":90,"column":4},"end":{"line":90,"column":21}},"37":{"start":{"line":92,"column":4},"end":{"line":92,"column":36}},"38":{"start":{"line":96,"column":15},"end":{"line":130,"column":1}},"39":{"start":{"line":97,"column":15},"end":{"line":97,"column":23}},"40":{"start":{"line":100,"column":24},"end":{"line":100,"column":48}},"41":{"start":{"line":101,"column":2},"end":{"line":103,"column":3}},"42":{"start":{"line":102,"column":4},"end":{"line":102,"column":38}},"43":{"start":{"line":106,"column":23},"end":{"line":106,"column":60}},"44":{"start":{"line":107,"column":2},"end":{"line":109,"column":3}},"45":{"start":{"line":108,"column":4},"end":{"line":108,"column":69}},"46":{"start":{"line":111,"column":15},"end":{"line":111,"column":51}},"47":{"start":{"line":114,"column":24},"end":{"line":114,"column":59}},"48":{"start":{"line":116,"column":2},"end":{"line":129,"column":3}},"49":{"start":{"line":117,"column":18},"end":{"line":123,"column":5}},"50":{"start":{"line":125,"column":25},"end":{"line":125,"column":91}},"51":{"start":{"line":126,"column":4},"end":{"line":126,"column":33}},"52":{"start":{"line":128,"column":4},"end":{"line":128,"column":77}},"53":{"start":{"line":132,"column":16},"end":{"line":157,"column":1}},"54":{"start":{"line":134,"column":16},"end":{"line":134,"column":51}},"55":{"start":{"line":137,"column":24},"end":{"line":137,"column":48}},"56":{"start":{"line":138,"column":2},"end":{"line":140,"column":3}},"57":{"start":{"line":139,"column":4},"end":{"line":139,"column":38}},"58":{"start":{"line":143,"column":23},"end":{"line":143,"column":60}},"59":{"start":{"line":144,"column":2},"end":{"line":146,"column":3}},"60":{"start":{"line":145,"column":4},"end":{"line":145,"column":69}},"61":{"start":{"line":148,"column":15},"end":{"line":148,"column":51}},"62":{"start":{"line":151,"column":2},"end":{"line":156,"column":3}},"63":{"start":{"line":152,"column":4},"end":{"line":152,"column":32}},"64":{"start":{"line":153,"column":4},"end":{"line":153,"column":25}},"65":{"start":{"line":155,"column":4},"end":{"line":155,"column":75}},"66":{"start":{"line":160,"column":0},"end":{"line":162,"column":1}}},"fnMap":{"0":{"name":"(anonymous_0)","decl":{"start":{"line":5,"column":14},"end":{"line":5,"column":15}},"loc":{"start":{"line":5,"column":33},"end":{"line":28,"column":1}},"line":5},"1":{"name":"(anonymous_1)","decl":{"start":{"line":30,"column":13},"end":{"line":30,"column":14}},"loc":{"start":{"line":30,"column":32},"end":{"line":37,"column":1}},"line":30},"2":{"name":"(anonymous_2)","decl":{"start":{"line":58,"column":15},"end":{"line":58,"column":16}},"loc":{"start":{"line":58,"column":34},"end":{"line":94,"column":1}},"line":58},"3":{"name":"(anonymous_3)","decl":{"start":{"line":96,"column":15},"end":{"line":96,"column":16}},"loc":{"start":{"line":96,"column":34},"end":{"line":130,"column":1}},"line":96},"4":{"name":"(anonymous_4)","decl":{"start":{"line":132,"column":16},"end":{"line":132,"column":17}},"loc":{"start":{"line":132,"column":35},"end":{"line":157,"column":1}},"line":132}},"branchMap":{"0":{"loc":{"start":{"line":10,"column":2},"end":{"line":12,"column":3}},"type":"if","locations":[{"start":{"line":10,"column":2},"end":{"line":12,"column":3}},{"start":{},"end":{}}],"line":10},"1":{"loc":{"start":{"line":10,"column":5},"end":{"line":10,"column":71}},"type":"binary-expr","locations":[{"start":{"line":10,"column":5},"end":{"line":10,"column":18}},{"start":{"line":10,"column":22},"end":{"line":10,"column":71}}],"line":10},"2":{"loc":{"start":{"line":16,"column":2},"end":{"line":18,"column":3}},"type":"if","locations":[{"start":{"line":16,"column":2},"end":{"line":18,"column":3}},{"start":{},"end":{}}],"line":16},"3":{"loc":{"start":{"line":23,"column":2},"end":{"line":27,"column":3}},"type":"if","locations":[{"start":{"line":23,"column":2},"end":{"line":27,"column":3}},{"start":{"line":25,"column":9},"end":{"line":27,"column":3}}],"line":23},"4":{"loc":{"start":{"line":32,"column":2},"end":{"line":36,"column":3}},"type":"if","locations":[{"start":{"line":32,"column":2},"end":{"line":36,"column":3}},{"start":{"line":34,"column":9},"end":{"line":36,"column":3}}],"line":32},"5":{"loc":{"start":{"line":64,"column":2},"end":{"line":66,"column":3}},"type":"if","locations":[{"start":{"line":64,"column":2},"end":{"line":66,"column":3}},{"start":{},"end":{}}],"line":64},"6":{"loc":{"start":{"line":64,"column":5},"end":{"line":64,"column":71}},"type":"binary-expr","locations":[{"start":{"line":64,"column":5},"end":{"line":64,"column":18}},{"start":{"line":64,"column":22},"end":{"line":64,"column":71}}],"line":64},"7":{"loc":{"start":{"line":70,"column":2},"end":{"line":72,"column":3}},"type":"if","locations":[{"start":{"line":70,"column":2},"end":{"line":72,"column":3}},{"start":{},"end":{}}],"line":70},"8":{"loc":{"start":{"line":79,"column":10},"end":{"line":79,"column":28}},"type":"binary-expr","locations":[{"start":{"line":79,"column":10},"end":{"line":79,"column":19}},{"start":{"line":79,"column":23},"end":{"line":79,"column":28}}],"line":79},"9":{"loc":{"start":{"line":85,"column":2},"end":{"line":93,"column":3}},"type":"if","locations":[{"start":{"line":85,"column":2},"end":{"line":93,"column":3}},{"start":{"line":87,"column":9},"end":{"line":93,"column":3}}],"line":85},"10":{"loc":{"start":{"line":101,"column":2},"end":{"line":103,"column":3}},"type":"if","locations":[{"start":{"line":101,"column":2},"end":{"line":103,"column":3}},{"start":{},"end":{}}],"line":101},"11":{"loc":{"start":{"line":101,"column":5},"end":{"line":101,"column":71}},"type":"binary-expr","locations":[{"start":{"line":101,"column":5},"end":{"line":101,"column":18}},{"start":{"line":101,"column":22},"end":{"line":101,"column":71}}],"line":101},"12":{"loc":{"start":{"line":107,"column":2},"end":{"line":109,"column":3}},"type":"if","locations":[{"start":{"line":107,"column":2},"end":{"line":109,"column":3}},{"start":{},"end":{}}],"line":107},"13":{"loc":{"start":{"line":116,"column":2},"end":{"line":129,"column":3}},"type":"if","locations":[{"start":{"line":116,"column":2},"end":{"line":129,"column":3}},{"start":{"line":127,"column":9},"end":{"line":129,"column":3}}],"line":116},"14":{"loc":{"start":{"line":138,"column":2},"end":{"line":140,"column":3}},"type":"if","locations":[{"start":{"line":138,"column":2},"end":{"line":140,"column":3}},{"start":{},"end":{}}],"line":138},"15":{"loc":{"start":{"line":138,"column":5},"end":{"line":138,"column":71}},"type":"binary-expr","locations":[{"start":{"line":138,"column":5},"end":{"line":138,"column":18}},{"start":{"line":138,"column":22},"end":{"line":138,"column":71}}],"line":138},"16":{"loc":{"start":{"line":144,"column":2},"end":{"line":146,"column":3}},"type":"if","locations":[{"start":{"line":144,"column":2},"end":{"line":146,"column":3}},{"start":{},"end":{}}],"line":144},"17":{"loc":{"start":{"line":151,"column":2},"end":{"line":156,"column":3}},"type":"if","locations":[{"start":{"line":151,"column":2},"end":{"line":156,"column":3}},{"start":{"line":154,"column":9},"end":{"line":156,"column":3}}],"line":151}},"s":{"0":1,"1":1,"2":1,"3":1,"4":0,"5":0,"6":0,"7":0,"8":0,"9":0,"10":0,"11":0,"12":0,"13":0,"14":0,"15":0,"16":1,"17":0,"18":0,"19":0,"20":0,"21":1,"22":0,"23":0,"24":0,"25":0,"26":0,"27":0,"28":0,"29":0,"30":0,"31":0,"32":0,"33":0,"34":0,"35":0,"36":0,"37":0,"38":1,"39":0,"40":0,"41":0,"42":0,"43":0,"44":0,"45":0,"46":0,"47":0,"48":0,"49":0,"50":0,"51":0,"52":0,"53":1,"54":0,"55":0,"56":0,"57":0,"58":0,"59":0,"60":0,"61":0,"62":0,"63":0,"64":0,"65":0,"66":1},"f":{"0":0,"1":0,"2":0,"3":0,"4":0},"b":{"0":[0,0],"1":[0,0],"2":[0,0],"3":[0,0],"4":[0,0],"5":[0,0],"6":[0,0],"7":[0,0],"8":[0,0],"9":[0,0],"10":[0,0],"11":[0,0],"12":[0,0],"13":[0,0],"14":[0,0],"15":[0,0],"16":[0,0],"17":[0,0]},"_coverageSchema":"1a1c01bbd47fc00a2c39e90264f33305004495a9","hash":"b7859c36792b65a40c9691585f4efb5be4140b21"}
,"/home/diegorramos/code/futureproof/lap3/Brainiac-Brigade/api/controllers/users.js": {"path":"/home/diegorramos/code/futureproof/lap3/Brainiac-Brigade/api/controllers/users.js","statementMap":{"0":{"start":{"line":1,"column":15},"end":{"line":1,"column":32}},"1":{"start":{"line":2,"column":12},"end":{"line":2,"column":35}},"2":{"start":{"line":3,"column":13},"end":{"line":3,"column":38}},"3":{"start":{"line":6,"column":14},"end":{"line":10,"column":1}},"4":{"start":{"line":7,"column":16},"end":{"line":7,"column":54}},"5":{"start":{"line":9,"column":2},"end":{"line":9,"column":17}},"6":{"start":{"line":12,"column":15},"end":{"line":43,"column":1}},"7":{"start":{"line":13,"column":39},"end":{"line":13,"column":47}},"8":{"start":{"line":17,"column":2},"end":{"line":21,"column":3}},"9":{"start":{"line":18,"column":4},"end":{"line":20,"column":6}},"10":{"start":{"line":24,"column":24},"end":{"line":24,"column":56}},"11":{"start":{"line":25,"column":2},"end":{"line":29,"column":3}},"12":{"start":{"line":26,"column":4},"end":{"line":28,"column":6}},"13":{"start":{"line":31,"column":21},"end":{"line":31,"column":23}},"14":{"start":{"line":32,"column":23},"end":{"line":32,"column":62}},"15":{"start":{"line":34,"column":15},"end":{"line":38,"column":4}},"16":{"start":{"line":40,"column":20},"end":{"line":40,"column":37}},"17":{"start":{"line":42,"column":2},"end":{"line":42,"column":33}},"18":{"start":{"line":45,"column":14},"end":{"line":70,"column":1}},"19":{"start":{"line":46,"column":33},"end":{"line":46,"column":41}},"20":{"start":{"line":48,"column":15},"end":{"line":48,"column":47}},"21":{"start":{"line":49,"column":26},"end":{"line":51,"column":55}},"22":{"start":{"line":53,"column":2},"end":{"line":57,"column":3}},"23":{"start":{"line":54,"column":4},"end":{"line":56,"column":6}},"24":{"start":{"line":59,"column":23},"end":{"line":62,"column":3}},"25":{"start":{"line":64,"column":16},"end":{"line":64,"column":58}},"26":{"start":{"line":66,"column":2},"end":{"line":68,"column":61}},"27":{"start":{"line":72,"column":21},"end":{"line":94,"column":1}},"28":{"start":{"line":73,"column":15},"end":{"line":73,"column":23}},"29":{"start":{"line":74,"column":14},"end":{"line":74,"column":16}},"30":{"start":{"line":77,"column":24},"end":{"line":77,"column":48}},"31":{"start":{"line":78,"column":2},"end":{"line":80,"column":3}},"32":{"start":{"line":79,"column":4},"end":{"line":79,"column":38}},"33":{"start":{"line":83,"column":23},"end":{"line":83,"column":60}},"34":{"start":{"line":84,"column":2},"end":{"line":86,"column":3}},"35":{"start":{"line":85,"column":4},"end":{"line":85,"column":69}},"36":{"start":{"line":88,"column":15},"end":{"line":88,"column":51}},"37":{"start":{"line":90,"column":17},"end":{"line":90,"column":28}},"38":{"start":{"line":92,"column":22},"end":{"line":92,"column":94}},"39":{"start":{"line":93,"column":2},"end":{"line":93,"column":30}},"40":{"start":{"line":96,"column":22},"end":{"line":115,"column":1}},"41":{"start":{"line":97,"column":15},"end":{"line":97,"column":23}},"42":{"start":{"line":98,"column":14},"end":{"line":98,"column":16}},"43":{"start":{"line":101,"column":24},"end":{"line":101,"column":48}},"44":{"start":{"line":102,"column":2},"end":{"line":104,"column":3}},"45":{"start":{"line":103,"column":4},"end":{"line":103,"column":38}},"46":{"start":{"line":107,"column":23},"end":{"line":107,"column":60}},"47":{"start":{"line":108,"column":2},"end":{"line":110,"column":3}},"48":{"start":{"line":109,"column":4},"end":{"line":109,"column":69}},"49":{"start":{"line":112,"column":15},"end":{"line":112,"column":51}},"50":{"start":{"line":113,"column":17},"end":{"line":113,"column":28}},"51":{"start":{"line":114,"column":2},"end":{"line":114,"column":25}},"52":{"start":{"line":117,"column":0},"end":{"line":119,"column":1}}},"fnMap":{"0":{"name":"(anonymous_0)","decl":{"start":{"line":6,"column":14},"end":{"line":6,"column":15}},"loc":{"start":{"line":6,"column":34},"end":{"line":10,"column":1}},"line":6},"1":{"name":"(anonymous_1)","decl":{"start":{"line":12,"column":15},"end":{"line":12,"column":16}},"loc":{"start":{"line":12,"column":35},"end":{"line":43,"column":1}},"line":12},"2":{"name":"(anonymous_2)","decl":{"start":{"line":45,"column":14},"end":{"line":45,"column":15}},"loc":{"start":{"line":45,"column":34},"end":{"line":70,"column":1}},"line":45},"3":{"name":"(anonymous_3)","decl":{"start":{"line":72,"column":21},"end":{"line":72,"column":22}},"loc":{"start":{"line":72,"column":41},"end":{"line":94,"column":1}},"line":72},"4":{"name":"(anonymous_4)","decl":{"start":{"line":96,"column":22},"end":{"line":96,"column":23}},"loc":{"start":{"line":96,"column":40},"end":{"line":115,"column":1}},"line":96}},"branchMap":{"0":{"loc":{"start":{"line":17,"column":2},"end":{"line":21,"column":3}},"type":"if","locations":[{"start":{"line":17,"column":2},"end":{"line":21,"column":3}},{"start":{},"end":{}}],"line":17},"1":{"loc":{"start":{"line":17,"column":6},"end":{"line":17,"column":48}},"type":"binary-expr","locations":[{"start":{"line":17,"column":6},"end":{"line":17,"column":25}},{"start":{"line":17,"column":29},"end":{"line":17,"column":48}}],"line":17},"2":{"loc":{"start":{"line":25,"column":2},"end":{"line":29,"column":3}},"type":"if","locations":[{"start":{"line":25,"column":2},"end":{"line":29,"column":3}},{"start":{},"end":{}}],"line":25},"3":{"loc":{"start":{"line":49,"column":26},"end":{"line":51,"column":55}},"type":"cond-expr","locations":[{"start":{"line":50,"column":6},"end":{"line":50,"column":11}},{"start":{"line":51,"column":6},"end":{"line":51,"column":55}}],"line":49},"4":{"loc":{"start":{"line":53,"column":2},"end":{"line":57,"column":3}},"type":"if","locations":[{"start":{"line":53,"column":2},"end":{"line":57,"column":3}},{"start":{},"end":{}}],"line":53},"5":{"loc":{"start":{"line":53,"column":8},"end":{"line":53,"column":31}},"type":"binary-expr","locations":[{"start":{"line":53,"column":8},"end":{"line":53,"column":12}},{"start":{"line":53,"column":16},"end":{"line":53,"column":31}}],"line":53},"6":{"loc":{"start":{"line":78,"column":2},"end":{"line":80,"column":3}},"type":"if","locations":[{"start":{"line":78,"column":2},"end":{"line":80,"column":3}},{"start":{},"end":{}}],"line":78},"7":{"loc":{"start":{"line":78,"column":5},"end":{"line":78,"column":71}},"type":"binary-expr","locations":[{"start":{"line":78,"column":5},"end":{"line":78,"column":18}},{"start":{"line":78,"column":22},"end":{"line":78,"column":71}}],"line":78},"8":{"loc":{"start":{"line":84,"column":2},"end":{"line":86,"column":3}},"type":"if","locations":[{"start":{"line":84,"column":2},"end":{"line":86,"column":3}},{"start":{},"end":{}}],"line":84},"9":{"loc":{"start":{"line":102,"column":2},"end":{"line":104,"column":3}},"type":"if","locations":[{"start":{"line":102,"column":2},"end":{"line":104,"column":3}},{"start":{},"end":{}}],"line":102},"10":{"loc":{"start":{"line":102,"column":5},"end":{"line":102,"column":71}},"type":"binary-expr","locations":[{"start":{"line":102,"column":5},"end":{"line":102,"column":18}},{"start":{"line":102,"column":22},"end":{"line":102,"column":71}}],"line":102},"11":{"loc":{"start":{"line":108,"column":2},"end":{"line":110,"column":3}},"type":"if","locations":[{"start":{"line":108,"column":2},"end":{"line":110,"column":3}},{"start":{},"end":{}}],"line":108}},"s":{"0":1,"1":1,"2":1,"3":1,"4":0,"5":0,"6":1,"7":5,"8":5,"9":2,"10":3,"11":3,"12":2,"13":1,"14":1,"15":1,"16":1,"17":1,"18":1,"19":1,"20":1,"21":1,"22":1,"23":0,"24":1,"25":1,"26":1,"27":1,"28":0,"29":0,"30":0,"31":0,"32":0,"33":0,"34":0,"35":0,"36":0,"37":0,"38":0,"39":0,"40":1,"41":0,"42":0,"43":0,"44":0,"45":0,"46":0,"47":0,"48":0,"49":0,"50":0,"51":0,"52":1},"f":{"0":0,"1":5,"2":1,"3":0,"4":0},"b":{"0":[2,3],"1":[5,4],"2":[2,1],"3":[0,1],"4":[0,1],"5":[1,1],"6":[0,0],"7":[0,0],"8":[0,0],"9":[0,0],"10":[0,0],"11":[0,0]},"_coverageSchema":"1a1c01bbd47fc00a2c39e90264f33305004495a9","hash":"36fcf3c289082ccd4667e79ee32c1dcf58999217"}
,"/home/diegorramos/code/futureproof/lap3/Brainiac-Brigade/api/models/Event.js": {"path":"/home/diegorramos/code/futureproof/lap3/Brainiac-Brigade/api/models/Event.js","statementMap":{"0":{"start":{"line":1,"column":17},"end":{"line":1,"column":36}},"1":{"start":{"line":3,"column":20},"end":{"line":18,"column":2}},"2":{"start":{"line":20,"column":14},"end":{"line":20,"column":50}},"3":{"start":{"line":22,"column":0},"end":{"line":22,"column":22}}},"fnMap":{},"branchMap":{},"s":{"0":1,"1":1,"2":1,"3":1},"f":{},"b":{},"_coverageSchema":"1a1c01bbd47fc00a2c39e90264f33305004495a9","hash":"0a2081dce97dbeb52c7a6935d0736950adf3c5a3"}
,"/home/diegorramos/code/futureproof/lap3/Brainiac-Brigade/api/models/User.js": {"path":"/home/diegorramos/code/futureproof/lap3/Brainiac-Brigade/api/models/User.js","statementMap":{"0":{"start":{"line":1,"column":17},"end":{"line":1,"column":36}},"1":{"start":{"line":3,"column":19},"end":{"line":14,"column":2}},"2":{"start":{"line":16,"column":13},"end":{"line":16,"column":47}},"3":{"start":{"line":18,"column":0},"end":{"line":18,"column":21}}},"fnMap":{},"branchMap":{},"s":{"0":1,"1":1,"2":1,"3":1},"f":{},"b":{},"_coverageSchema":"1a1c01bbd47fc00a2c39e90264f33305004495a9","hash":"288eb204359ab448b6095a8df3fcf85372353d53"}
,"/home/diegorramos/code/futureproof/lap3/Brainiac-Brigade/api/routes/events.js": {"path":"/home/diegorramos/code/futureproof/lap3/Brainiac-Brigade/api/routes/events.js","statementMap":{"0":{"start":{"line":1,"column":16},"end":{"line":1,"column":34}},"1":{"start":{"line":2,"column":25},"end":{"line":2,"column":57}},"2":{"start":{"line":3,"column":0},"end":{"line":3,"column":25}},"3":{"start":{"line":6,"column":0},"end":{"line":6,"column":39}},"4":{"start":{"line":7,"column":0},"end":{"line":7,"column":41}},"5":{"start":{"line":8,"column":0},"end":{"line":8,"column":41}},"6":{"start":{"line":9,"column":0},"end":{"line":9,"column":45}},"7":{"start":{"line":10,"column":0},"end":{"line":10,"column":47}},"8":{"start":{"line":12,"column":0},"end":{"line":12,"column":23}}},"fnMap":{},"branchMap":{},"s":{"0":1,"1":1,"2":1,"3":1,"4":1,"5":1,"6":1,"7":1,"8":1},"f":{},"b":{},"_coverageSchema":"1a1c01bbd47fc00a2c39e90264f33305004495a9","hash":"2bbe09459fbe91310bdbd2ced0e24be4a68303a8"}
,"/home/diegorramos/code/futureproof/lap3/Brainiac-Brigade/api/routes/users.js": {"path":"/home/diegorramos/code/futureproof/lap3/Brainiac-Brigade/api/routes/users.js","statementMap":{"0":{"start":{"line":1,"column":16},"end":{"line":1,"column":34}},"1":{"start":{"line":2,"column":24},"end":{"line":2,"column":55}},"2":{"start":{"line":3,"column":0},"end":{"line":3,"column":25}},"3":{"start":{"line":5,"column":0},"end":{"line":5,"column":40}},"4":{"start":{"line":6,"column":0},"end":{"line":6,"column":38}},"5":{"start":{"line":7,"column":0},"end":{"line":7,"column":44}},"6":{"start":{"line":8,"column":0},"end":{"line":8,"column":52}},"7":{"start":{"line":9,"column":0},"end":{"line":9,"column":52}},"8":{"start":{"line":11,"column":0},"end":{"line":11,"column":23}}},"fnMap":{},"branchMap":{},"s":{"0":1,"1":1,"2":1,"3":1,"4":1,"5":1,"6":1,"7":1,"8":1},"f":{},"b":{},"_coverageSchema":"1a1c01bbd47fc00a2c39e90264f33305004495a9","hash":"ce3005be2e08df2e1949b5417ee5df60ed2d8fe6"}
}
